  main.cpp
C:\Users\akmanova.elizaveta\Desktop\SFMLSecond\main.cpp(52,21): warning C4018: <: несоответствие типов со знаком и без знака
C:\Users\akmanova.elizaveta\Desktop\SFMLSecond\main.cpp(54,22): warning C4018: <: несоответствие типов со знаком и без знака
C:\Users\akmanova.elizaveta\Desktop\SFMLSecond\main.cpp(172,38): warning C4244: аргумент: преобразование "T" в "float", возможна потеря данных
          with
          [
              T=unsigned int
          ]
C:\Users\akmanova.elizaveta\Desktop\SFMLSecond\main.cpp(176,41): warning C4244: аргумент: преобразование "T" в "float", возможна потеря данных
          with
          [
              T=unsigned int
          ]
C:\Users\akmanova.elizaveta\Desktop\SFMLSecond\main.cpp(180,52): warning C4244: аргумент: преобразование "T" в "float", возможна потеря данных
          with
          [
              T=unsigned int
          ]
C:\Users\akmanova.elizaveta\Desktop\SFMLSecond\main.cpp(180,38): warning C4244: аргумент: преобразование "T" в "float", возможна потеря данных
          with
          [
              T=unsigned int
          ]
  SFMLSecond.vcxproj -> C:\Users\akmanova.elizaveta\Desktop\x64\Debug\SFMLSecond.exe
